<?xml version="1.0" encoding="UTF-8"?>
<!-- Generated by org.testng.reporters.JUnitXMLReporter -->
<testsuite ignored="0" hostname="DESKTOP-NBJIR28" failures="1" tests="1" name="Verify Login Page Error Validations Test" time="20.057" errors="0" timestamp="2024-02-21T18:14:49 IST">
  <testcase classname="TestCases.VerifyLoginPageErrorValidations" name="LoginPageError" time="12.523">
    <failure type="java.lang.AssertionError" message="expected [Incorrect username or password.] but found []">
      <![CDATA[java.lang.AssertionError: expected [Incorrect username or password.] but found []
at TestCases.VerifyLoginPageErrorValidations.LoginPageError(VerifyLoginPageErrorValidations.java:21)
at java.base/java.util.ArrayList.forEach(ArrayList.java:1511)
... Removed 32 stack frames]]>
    </failure>
  </testcase> <!-- LoginPageError -->
</testsuite> <!-- Verify Login Page Error Validations Test -->
