<?xml version="1.0" encoding="UTF-8"?>
<!-- Generated by org.testng.reporters.JUnitXMLReporter -->
<testsuite ignored="0" hostname="DESKTOP-NBJIR28" failures="0" tests="1" name="Verify Login and book appointment from first available service test" time="35.173" errors="0" timestamp="2024-03-09T19:03:27 IST">
  <testcase classname="TestCases.VerifyLoginAndBookAppointmentFromFirstAvailableSlots" name="loginAndBookFirstAvailableSlotAppointment" time="25.146"/>
</testsuite> <!-- Verify Login and book appointment from first available service test -->
