<?xml version="1.0" encoding="UTF-8"?>
<!-- Generated by org.testng.reporters.JUnitXMLReporter -->
<testsuite ignored="0" hostname="DESKTOP-NBJIR28" failures="0" tests="1" name="Verify Login and book appointment from first available service test" time="109.541" errors="0" timestamp="2024-02-29T19:20:17 IST">
  <testcase classname="TestCases.VerifyLoginAndBookAppointmentFromFirstAvailableSlots" name="loginAndBookFirstAvailableSlotAppointment" time="20.413"/>
</testsuite> <!-- Verify Login and book appointment from first available service test -->
