<?xml version="1.0" encoding="UTF-8"?>
<!-- Generated by org.testng.reporters.JUnitXMLReporter -->
<testsuite ignored="0" hostname="DESKTOP-NBJIR28" failures="1" tests="2" name="Verify Login Page Error Validations Test" time="54.54" errors="0" timestamp="2024-03-09T19:02:52 IST">
  <testcase classname="TestCases.VerifyLoginPageErrorValidations" name="LoginPageError" time="14.711">
    <skipped/>
  </testcase> <!-- LoginPageError -->
  <testcase classname="TestCases.VerifyLoginPageErrorValidations" name="LoginPageError" time="14.039">
    <failure type="java.lang.AssertionError" message="expected [Incorrect username or passworded.] but found [Incorrect username or password.]">
      <![CDATA[java.lang.AssertionError: expected [Incorrect username or passworded.] but found [Incorrect username or password.]
at TestCases.VerifyLoginPageErrorValidations.LoginPageError(VerifyLoginPageErrorValidations.java:22)
at java.base/java.util.ArrayList.forEach(ArrayList.java:1511)
... Removed 32 stack frames]]>
    </failure>
  </testcase> <!-- LoginPageError -->
</testsuite> <!-- Verify Login Page Error Validations Test -->
