<?xml version="1.0" encoding="UTF-8"?>
<testng-results ignored="0" total="4" passed="3" failed="1" skipped="0">
  <reporter-output>
  </reporter-output>
  <suite started-at="2024-02-21T18:07:59 IST" name="Suite" finished-at="2024-02-21T18:09:53 IST" duration-ms="114368">
    <groups>
    </groups>
    <test started-at="2024-02-21T18:07:59 IST" name="AddFeatureService Test" finished-at="2024-02-21T18:08:32 IST" duration-ms="33760">
      <class name="TestCases.VerifyAddFeaturServiceInCart">
        <test-method is-config="true" signature="launchApplication()[pri:0, instance:TestCases.VerifyAddFeaturServiceInCart@157853da]" started-at="2024-02-21T18:07:59 IST" name="launchApplication" finished-at="2024-02-21T18:08:06 IST" duration-ms="7651" status="PASS">
          <reporter-output>
          </reporter-output>
        </test-method> <!-- launchApplication -->
        <test-method signature="loginAndBookAppointment()[pri:0, instance:TestCases.VerifyAddFeaturServiceInCart@157853da]" started-at="2024-02-21T18:08:06 IST" name="loginAndBookAppointment" finished-at="2024-02-21T18:08:32 IST" duration-ms="25806" status="PASS">
          <reporter-output>
          </reporter-output>
        </test-method> <!-- loginAndBookAppointment -->
        <test-method is-config="true" signature="tearDown()[pri:0, instance:TestCases.VerifyAddFeaturServiceInCart@157853da]" started-at="2024-02-21T18:08:32 IST" name="tearDown" finished-at="2024-02-21T18:08:32 IST" duration-ms="261" status="PASS">
          <reporter-output>
          </reporter-output>
        </test-method> <!-- tearDown -->
      </class> <!-- TestCases.VerifyAddFeaturServiceInCart -->
    </test> <!-- AddFeatureService Test -->
    <test started-at="2024-02-21T18:08:32 IST" name="Verify Login Page Error Validations Test" finished-at="2024-02-21T18:08:55 IST" duration-ms="22955">
      <class name="TestCases.VerifyLoginPageErrorValidations">
        <test-method is-config="true" signature="launchApplication()[pri:0, instance:TestCases.VerifyLoginPageErrorValidations@52102734]" started-at="2024-02-21T18:08:33 IST" name="launchApplication" finished-at="2024-02-21T18:08:44 IST" duration-ms="11272" status="PASS">
          <reporter-output>
          </reporter-output>
        </test-method> <!-- launchApplication -->
        <test-method signature="loginAndBookAppointment()[pri:0, instance:TestCases.VerifyLoginPageErrorValidations@52102734]" started-at="2024-02-21T18:08:44 IST" name="loginAndBookAppointment" finished-at="2024-02-21T18:08:55 IST" duration-ms="11429" status="FAIL">
          <exception class="java.lang.AssertionError">
            <message>
              <![CDATA[expected [Incorrect username or passworded.] but found []]]>
            </message>
            <full-stacktrace>
              <![CDATA[java.lang.AssertionError: expected [Incorrect username or passworded.] but found []
at org.testng.Assert.fail(Assert.java:97)
at org.testng.Assert.assertEqualsImpl(Assert.java:136)
at org.testng.Assert.assertEquals(Assert.java:118)
at org.testng.Assert.assertEquals(Assert.java:575)
at org.testng.Assert.assertEquals(Assert.java:585)
at TestCases.VerifyLoginPageErrorValidations.loginAndBookAppointment(VerifyLoginPageErrorValidations.java:21)
at java.base/jdk.internal.reflect.NativeMethodAccessorImpl.invoke0(Native Method)
at java.base/jdk.internal.reflect.NativeMethodAccessorImpl.invoke(NativeMethodAccessorImpl.java:77)
at java.base/jdk.internal.reflect.DelegatingMethodAccessorImpl.invoke(DelegatingMethodAccessorImpl.java:43)
at java.base/java.lang.reflect.Method.invoke(Method.java:568)
at org.testng.internal.MethodInvocationHelper.invokeMethod(MethodInvocationHelper.java:133)
at org.testng.internal.TestInvoker.invokeMethod(TestInvoker.java:584)
at org.testng.internal.TestInvoker.invokeTestMethod(TestInvoker.java:172)
at org.testng.internal.MethodRunner.runInSequence(MethodRunner.java:46)
at org.testng.internal.TestInvoker$MethodInvocationAgent.invoke(TestInvoker.java:804)
at org.testng.internal.TestInvoker.invokeTestMethods(TestInvoker.java:145)
at org.testng.internal.TestMethodWorker.invokeTestMethods(TestMethodWorker.java:146)
at org.testng.internal.TestMethodWorker.run(TestMethodWorker.java:128)
at java.base/java.util.ArrayList.forEach(ArrayList.java:1511)
at org.testng.TestRunner.privateRun(TestRunner.java:770)
at org.testng.TestRunner.run(TestRunner.java:591)
at org.testng.SuiteRunner.runTest(SuiteRunner.java:402)
at org.testng.SuiteRunner.runSequentially(SuiteRunner.java:396)
at org.testng.SuiteRunner.privateRun(SuiteRunner.java:355)
at org.testng.SuiteRunner.run(SuiteRunner.java:304)
at org.testng.SuiteRunnerWorker.runSuite(SuiteRunnerWorker.java:53)
at org.testng.SuiteRunnerWorker.run(SuiteRunnerWorker.java:96)
at org.testng.TestNG.runSuitesSequentially(TestNG.java:1180)
at org.testng.TestNG.runSuitesLocally(TestNG.java:1102)
at org.testng.TestNG.runSuites(TestNG.java:1032)
at org.testng.TestNG.run(TestNG.java:1000)
at org.testng.remote.AbstractRemoteTestNG.run(AbstractRemoteTestNG.java:115)
at org.testng.remote.RemoteTestNG.initAndRun(RemoteTestNG.java:251)
at org.testng.remote.RemoteTestNG.main(RemoteTestNG.java:77)
]]>
            </full-stacktrace>
          </exception> <!-- java.lang.AssertionError -->
          <reporter-output>
          </reporter-output>
        </test-method> <!-- loginAndBookAppointment -->
        <test-method is-config="true" signature="tearDown()[pri:0, instance:TestCases.VerifyLoginPageErrorValidations@52102734]" started-at="2024-02-21T18:08:55 IST" name="tearDown" finished-at="2024-02-21T18:08:55 IST" duration-ms="233" status="PASS">
          <reporter-output>
          </reporter-output>
        </test-method> <!-- tearDown -->
      </class> <!-- TestCases.VerifyLoginPageErrorValidations -->
    </test> <!-- Verify Login Page Error Validations Test -->
    <test started-at="2024-02-21T18:08:55 IST" name="Verify Login and book appointment from first available service test" finished-at="2024-02-21T18:09:26 IST" duration-ms="30782">
      <class name="TestCases.VerifyLoginAndBookAppointmentFromFirstAvailableSlots">
        <test-method is-config="true" signature="launchApplication()[pri:0, instance:TestCases.VerifyLoginAndBookAppointmentFromFirstAvailableSlots@3315d2d7]" started-at="2024-02-21T18:08:55 IST" name="launchApplication" finished-at="2024-02-21T18:09:03 IST" duration-ms="7572" status="PASS">
          <reporter-output>
          </reporter-output>
        </test-method> <!-- launchApplication -->
        <test-method signature="loginAndBookAppointment()[pri:0, instance:TestCases.VerifyLoginAndBookAppointmentFromFirstAvailableSlots@3315d2d7]" started-at="2024-02-21T18:09:03 IST" name="loginAndBookAppointment" finished-at="2024-02-21T18:09:26 IST" duration-ms="22971" status="PASS">
          <reporter-output>
          </reporter-output>
        </test-method> <!-- loginAndBookAppointment -->
        <test-method is-config="true" signature="tearDown()[pri:0, instance:TestCases.VerifyLoginAndBookAppointmentFromFirstAvailableSlots@3315d2d7]" started-at="2024-02-21T18:09:26 IST" name="tearDown" finished-at="2024-02-21T18:09:26 IST" duration-ms="236" status="PASS">
          <reporter-output>
          </reporter-output>
        </test-method> <!-- tearDown -->
      </class> <!-- TestCases.VerifyLoginAndBookAppointmentFromFirstAvailableSlots -->
    </test> <!-- Verify Login and book appointment from first available service test -->
    <test started-at="2024-02-21T18:09:26 IST" name="Verify Login and Logout test" finished-at="2024-02-21T18:09:53 IST" duration-ms="26797">
      <class name="TestCases.VerifyLoginAndLogout">
        <test-method is-config="true" signature="launchApplication()[pri:0, instance:TestCases.VerifyLoginAndLogout@4da4253]" started-at="2024-02-21T18:09:26 IST" name="launchApplication" finished-at="2024-02-21T18:09:33 IST" duration-ms="7158" status="PASS">
          <reporter-output>
          </reporter-output>
        </test-method> <!-- launchApplication -->
        <test-method signature="loginAndLogout()[pri:0, instance:TestCases.VerifyLoginAndLogout@4da4253]" started-at="2024-02-21T18:09:33 IST" name="loginAndLogout" finished-at="2024-02-21T18:09:53 IST" duration-ms="19405" status="PASS">
          <reporter-output>
          </reporter-output>
        </test-method> <!-- loginAndLogout -->
        <test-method is-config="true" signature="tearDown()[pri:0, instance:TestCases.VerifyLoginAndLogout@4da4253]" started-at="2024-02-21T18:09:53 IST" name="tearDown" finished-at="2024-02-21T18:09:53 IST" duration-ms="232" status="PASS">
          <reporter-output>
          </reporter-output>
        </test-method> <!-- tearDown -->
      </class> <!-- TestCases.VerifyLoginAndLogout -->
    </test> <!-- Verify Login and Logout test -->
  </suite> <!-- Suite -->
</testng-results>
