<?xml version="1.0" encoding="UTF-8"?>
<testng-results ignored="0" total="1" passed="1" failed="0" skipped="0">
  <reporter-output>
  </reporter-output>
  <suite started-at="2024-03-04T20:18:08 IST" name="Default suite" finished-at="2024-03-04T20:18:35 IST" duration-ms="26360">
    <groups>
    </groups>
    <test started-at="2024-03-04T20:18:08 IST" name="Default test" finished-at="2024-03-04T20:18:35 IST" duration-ms="26360">
      <class name="TestCases.VerifyBookAppointmentFromPickStylistaAndDate">
        <test-method is-config="true" signature="initializeDriverAndLaunchApplication()[pri:0, instance:TestCases.VerifyBookAppointmentFromPickStylistaAndDate@46fa7c39]" started-at="2024-03-04T20:18:08 IST" name="initializeDriverAndLaunchApplication" finished-at="2024-03-04T20:18:12 IST" duration-ms="3712" status="PASS">
          <reporter-output>
          </reporter-output>
        </test-method> <!-- initializeDriverAndLaunchApplication -->
        <test-method signature="BookAppointmentFromPickStylistAndDate()[pri:0, instance:TestCases.VerifyBookAppointmentFromPickStylistaAndDate@46fa7c39]" started-at="2024-03-04T20:18:12 IST" name="BookAppointmentFromPickStylistAndDate" finished-at="2024-03-04T20:18:34 IST" duration-ms="22276" status="PASS">
          <reporter-output>
          </reporter-output>
        </test-method> <!-- BookAppointmentFromPickStylistAndDate -->
        <test-method is-config="true" signature="tearDown()[pri:0, instance:TestCases.VerifyBookAppointmentFromPickStylistaAndDate@46fa7c39]" started-at="2024-03-04T20:18:34 IST" name="tearDown" finished-at="2024-03-04T20:18:35 IST" duration-ms="326" status="PASS">
          <reporter-output>
          </reporter-output>
        </test-method> <!-- tearDown -->
      </class> <!-- TestCases.VerifyBookAppointmentFromPickStylistaAndDate -->
    </test> <!-- Default test -->
  </suite> <!-- Default suite -->
</testng-results>
