<?xml version="1.0" encoding="UTF-8"?>
<testng-results ignored="0" total="1" passed="1" failed="0" skipped="0">
  <reporter-output>
  </reporter-output>
  <suite started-at="2024-03-03T13:13:21 IST" name="Suite" finished-at="2024-03-03T13:13:57 IST" duration-ms="35484">
    <groups>
    </groups>
    <test started-at="2024-03-03T13:13:21 IST" name="Login" finished-at="2024-03-03T13:13:57 IST" duration-ms="35484">
      <class name="TestCases.VerifyLoginAndLogout">
        <test-method is-config="true" signature="initializeDriverAndLaunchApplication()[pri:0, instance:TestCases.VerifyLoginAndLogout@198d6542]" started-at="2024-03-03T13:13:21 IST" name="initializeDriverAndLaunchApplication" finished-at="2024-03-03T13:13:31 IST" duration-ms="9600" status="PASS">
          <reporter-output>
          </reporter-output>
        </test-method> <!-- initializeDriverAndLaunchApplication -->
        <test-method signature="loginAndLogout()[pri:0, instance:TestCases.VerifyLoginAndLogout@198d6542]" started-at="2024-03-03T13:13:31 IST" name="loginAndLogout" finished-at="2024-03-03T13:13:56 IST" duration-ms="25540" status="PASS">
          <reporter-output>
          </reporter-output>
        </test-method> <!-- loginAndLogout -->
        <test-method is-config="true" signature="tearDown()[pri:0, instance:TestCases.VerifyLoginAndLogout@198d6542]" started-at="2024-03-03T13:13:56 IST" name="tearDown" finished-at="2024-03-03T13:13:57 IST" duration-ms="305" status="PASS">
          <reporter-output>
          </reporter-output>
        </test-method> <!-- tearDown -->
      </class> <!-- TestCases.VerifyLoginAndLogout -->
    </test> <!-- Login -->
  </suite> <!-- Suite -->
</testng-results>
